<?xml version="1.0" encoding="UTF-8"?>
<testng-results ignored="0" total="1" passed="1" failed="0" skipped="0">
  <reporter-output>
  </reporter-output>
  <suite started-at="2024-02-26T15:29:59 EST" name="MavenTestShopping" finished-at="2024-02-26T15:30:08 EST" duration-ms="8868">
    <groups>
    </groups>
    <test started-at="2024-02-26T15:29:59 EST" name="Login Test" finished-at="2024-02-26T15:30:08 EST" duration-ms="8868">
      <class name="Myntra.Order">
        <test-method signature="zohoTest()[pri:0, instance:Myntra.Order@223aa2f7]" started-at="2024-02-26T15:29:59 EST" name="zohoTest" finished-at="2024-02-26T15:30:08 EST" duration-ms="8821" status="PASS">
          <reporter-output>
          </reporter-output>
        </test-method> <!-- zohoTest -->
      </class> <!-- Myntra.Order -->
    </test> <!-- Login Test -->
  </suite> <!-- MavenTestShopping -->
</testng-results>
